<?xml version="1.0" encoding="UTF-8"?>
<testng-results ignored="0" total="1" passed="1" failed="0" skipped="0">
  <reporter-output>
  </reporter-output>
  <suite started-at="2021-11-18T13:00:33 IST" name="Default suite" finished-at="2021-11-18T13:01:45 IST" duration-ms="72554">
    <groups>
      <group name="cucumber">
        <method signature="AbstractTestNGCucumberTests.runScenario(io.cucumber.testng.PickleWrapper, io.cucumber.testng.FeatureWrapper)[pri:0, instance:runners.POMRunner@cad498c]" name="runScenario" class="io.cucumber.testng.AbstractTestNGCucumberTests"/>
      </group> <!-- cucumber -->
    </groups>
    <test started-at="2021-11-18T13:00:33 IST" name="Default test" finished-at="2021-11-18T13:01:45 IST" duration-ms="72554">
      <class name="runners.POMRunner">
        <test-method is-config="true" signature="setUpClass()[pri:0, instance:runners.POMRunner@cad498c]" started-at="2021-11-18T13:00:33 IST" name="setUpClass" finished-at="2021-11-18T13:00:34 IST" duration-ms="901" status="PASS">
          <reporter-output>
          </reporter-output>
        </test-method> <!-- setUpClass -->
        <test-method signature="runScenario(io.cucumber.testng.PickleWrapper, io.cucumber.testng.FeatureWrapper)[pri:0, instance:runners.POMRunner@cad498c]" started-at="2021-11-18T13:00:34 IST" name="runScenario" description="Runs Cucumber Scenarios" data-provider="scenarios" finished-at="2021-11-18T13:01:43 IST" duration-ms="69408" status="PASS">
          <params>
            <param index="0">
              <value>
                <![CDATA["Valid login"]]>
              </value>
            </param>
            <param index="1">
              <value>
                <![CDATA["Optional[Login]"]]>
              </value>
            </param>
          </params>
          <reporter-output>
          </reporter-output>
        </test-method> <!-- runScenario -->
        <test-method is-config="true" signature="tearDownClass()[pri:0, instance:runners.POMRunner@cad498c]" started-at="2021-11-18T13:01:43 IST" name="tearDownClass" finished-at="2021-11-18T13:01:45 IST" duration-ms="2165" status="PASS">
          <reporter-output>
          </reporter-output>
        </test-method> <!-- tearDownClass -->
      </class> <!-- runners.POMRunner -->
    </test> <!-- Default test -->
  </suite> <!-- Default suite -->
</testng-results>
